2024-12-07 10:15:04,333 ERROR scheduler Skipped queueing frappe.twofactor.delete_all_barcodes_for_users because it was found in queue for site1.local
2024-12-07 10:15:04,335 ERROR scheduler Skipped queueing frappe.website.doctype.web_page.web_page.check_publish_status because it was found in queue for site1.local
2024-12-07 10:15:04,336 ERROR scheduler Skipped queueing frappe.oauth.delete_oauth2_data because it was found in queue for site1.local
2024-12-07 10:18:04,991 ERROR scheduler Skipped queueing frappe.automation.doctype.reminder.reminder.send_reminders because it was found in queue for site1.local
2024-12-07 10:18:04,996 ERROR scheduler Skipped queueing frappe.monitor.flush because it was found in queue for site1.local
2024-12-07 10:18:05,001 ERROR scheduler Skipped queueing frappe.email.queue.flush because it was found in queue for site1.local
2024-12-07 15:30:49,219 ERROR scheduler Skipped queueing erpnext.projects.doctype.project.project.collect_project_status because it was found in queue for site1.local
2024-12-07 15:30:49,223 ERROR scheduler Skipped queueing erpnext.projects.doctype.project.project.hourly_reminder because it was found in queue for site1.local
2024-12-07 15:30:49,227 ERROR scheduler Skipped queueing erpnext.projects.doctype.project.project.project_status_update_reminder because it was found in queue for site1.local
2024-12-07 15:30:49,231 ERROR scheduler Skipped queueing erpnext.erpnext_integrations.doctype.plaid_settings.plaid_settings.automatic_synchronization because it was found in queue for site1.local
2024-12-07 15:30:49,234 ERROR scheduler Skipped queueing erpnext.utilities.doctype.video.video.update_youtube_data because it was found in queue for site1.local
2024-12-07 15:30:49,244 ERROR scheduler Skipped queueing erpnext.accounts.doctype.process_payment_reconciliation.process_payment_reconciliation.trigger_reconciliation_for_queued_docs because it was found in queue for site1.local
2024-12-07 15:30:49,247 ERROR scheduler Skipped queueing erpnext.manufacturing.doctype.bom_update_log.bom_update_log.resume_bom_cost_update_jobs because it was found in queue for site1.local
2024-12-07 15:30:49,323 ERROR scheduler Skipped queueing frappe.website.doctype.personal_data_deletion_request.personal_data_deletion_request.process_data_deletion_request because it was found in queue for site1.local
2024-12-07 15:30:49,328 ERROR scheduler Skipped queueing frappe.email.doctype.newsletter.newsletter.send_scheduled_email because it was found in queue for site1.local
2024-12-07 15:30:49,332 ERROR scheduler Skipped queueing frappe.integrations.doctype.google_calendar.google_calendar.sync because it was found in queue for site1.local
2024-12-07 15:30:49,336 ERROR scheduler Skipped queueing frappe.desk.form.document_follow.send_hourly_updates because it was found in queue for site1.local
2024-12-07 15:30:49,340 ERROR scheduler Skipped queueing frappe.desk.page.backups.backups.delete_downloadable_backups because it was found in queue for site1.local
2024-12-07 15:30:49,343 ERROR scheduler Skipped queueing frappe.model.utils.user_settings.sync_user_settings because it was found in queue for site1.local
2024-12-07 15:30:49,347 ERROR scheduler Skipped queueing frappe.model.utils.link_count.update_link_count because it was found in queue for site1.local
2024-12-07 15:30:49,351 ERROR scheduler Skipped queueing frappe.automation.doctype.reminder.reminder.send_reminders because it was found in queue for site1.local
2024-12-07 15:30:49,354 ERROR scheduler Skipped queueing frappe.monitor.flush because it was found in queue for site1.local
2024-12-07 15:30:49,359 ERROR scheduler Skipped queueing frappe.email.queue.flush because it was found in queue for site1.local
2024-12-07 15:30:49,368 ERROR scheduler Skipped queueing frappe.email.doctype.email_account.email_account.pull because it was found in queue for site1.local
2024-12-07 15:30:49,372 ERROR scheduler Skipped queueing frappe.deferred_insert.save_to_db because it was found in queue for site1.local
2024-12-07 15:30:49,376 ERROR scheduler Skipped queueing frappe.utils.global_search.sync_global_search because it was found in queue for site1.local
2024-12-07 15:30:49,379 ERROR scheduler Skipped queueing frappe.email.doctype.email_account.email_account.notify_unreplied because it was found in queue for site1.local
2024-12-07 15:30:49,382 ERROR scheduler Skipped queueing frappe.twofactor.delete_all_barcodes_for_users because it was found in queue for site1.local
2024-12-07 15:30:49,386 ERROR scheduler Skipped queueing frappe.website.doctype.web_page.web_page.check_publish_status because it was found in queue for site1.local
2024-12-07 15:30:49,390 ERROR scheduler Skipped queueing frappe.oauth.delete_oauth2_data because it was found in queue for site1.local
2024-12-07 20:54:34,604 ERROR scheduler Skipped queueing frappe.automation.doctype.reminder.reminder.send_reminders because it was found in queue for site1.local
2024-12-07 20:54:34,606 ERROR scheduler Skipped queueing frappe.monitor.flush because it was found in queue for site1.local
2024-12-07 20:54:34,607 ERROR scheduler Skipped queueing frappe.email.queue.flush because it was found in queue for site1.local
2024-12-08 02:00:15,890 ERROR scheduler Skipped queueing frappe.email.doctype.email_account.email_account.notify_unreplied because it was found in queue for site1.local
2024-12-08 02:00:15,892 ERROR scheduler Skipped queueing frappe.twofactor.delete_all_barcodes_for_users because it was found in queue for site1.local
2024-12-08 02:00:15,893 ERROR scheduler Skipped queueing frappe.website.doctype.web_page.web_page.check_publish_status because it was found in queue for site1.local
2024-12-08 02:00:15,894 ERROR scheduler Skipped queueing frappe.oauth.delete_oauth2_data because it was found in queue for site1.local
2024-12-08 07:21:00,081 ERROR scheduler Skipped queueing frappe.email.doctype.email_account.email_account.pull because it was found in queue for site1.local
2024-12-08 07:22:00,335 ERROR scheduler Skipped queueing frappe.automation.doctype.reminder.reminder.send_reminders because it was found in queue for site1.local
2024-12-08 07:22:00,340 ERROR scheduler Skipped queueing frappe.monitor.flush because it was found in queue for site1.local
2024-12-08 07:22:00,344 ERROR scheduler Skipped queueing frappe.email.queue.flush because it was found in queue for site1.local
2024-12-08 07:30:02,928 ERROR scheduler Skipped queueing frappe.model.utils.link_count.update_link_count because it was found in queue for site1.local
2024-12-08 07:30:02,935 ERROR scheduler Skipped queueing frappe.automation.doctype.reminder.reminder.send_reminders because it was found in queue for site1.local
2024-12-08 07:30:02,940 ERROR scheduler Skipped queueing frappe.monitor.flush because it was found in queue for site1.local
2024-12-08 07:30:02,944 ERROR scheduler Skipped queueing frappe.email.queue.flush because it was found in queue for site1.local
2024-12-08 07:30:02,954 ERROR scheduler Skipped queueing frappe.email.doctype.email_account.email_account.pull because it was found in queue for site1.local
2024-12-08 07:30:02,957 ERROR scheduler Skipped queueing frappe.deferred_insert.save_to_db because it was found in queue for site1.local
2024-12-08 07:30:02,961 ERROR scheduler Skipped queueing frappe.utils.global_search.sync_global_search because it was found in queue for site1.local
2024-12-08 07:30:02,965 ERROR scheduler Skipped queueing frappe.email.doctype.email_account.email_account.notify_unreplied because it was found in queue for site1.local
2024-12-08 07:30:02,968 ERROR scheduler Skipped queueing frappe.twofactor.delete_all_barcodes_for_users because it was found in queue for site1.local
2024-12-08 07:30:02,972 ERROR scheduler Skipped queueing frappe.website.doctype.web_page.web_page.check_publish_status because it was found in queue for site1.local
2024-12-08 07:30:02,976 ERROR scheduler Skipped queueing frappe.oauth.delete_oauth2_data because it was found in queue for site1.local
2024-12-08 12:30:42,859 ERROR scheduler Skipped queueing frappe.email.doctype.newsletter.newsletter.send_scheduled_email because it was found in queue for site1.local
2024-12-08 12:30:42,860 ERROR scheduler Skipped queueing frappe.integrations.doctype.google_calendar.google_calendar.sync because it was found in queue for site1.local
2024-12-08 12:30:42,862 ERROR scheduler Skipped queueing frappe.desk.form.document_follow.send_hourly_updates because it was found in queue for site1.local
2024-12-08 12:30:42,863 ERROR scheduler Skipped queueing frappe.desk.page.backups.backups.delete_downloadable_backups because it was found in queue for site1.local
2024-12-08 12:30:42,864 ERROR scheduler Skipped queueing frappe.model.utils.user_settings.sync_user_settings because it was found in queue for site1.local
2024-12-08 12:30:42,865 ERROR scheduler Skipped queueing frappe.model.utils.link_count.update_link_count because it was found in queue for site1.local
2024-12-08 12:30:42,867 ERROR scheduler Skipped queueing frappe.automation.doctype.reminder.reminder.send_reminders because it was found in queue for site1.local
2024-12-08 12:30:42,868 ERROR scheduler Skipped queueing frappe.monitor.flush because it was found in queue for site1.local
2024-12-08 12:30:42,869 ERROR scheduler Skipped queueing frappe.email.queue.flush because it was found in queue for site1.local
2024-12-08 12:30:42,871 ERROR scheduler Skipped queueing frappe.email.doctype.email_account.email_account.pull because it was found in queue for site1.local
2024-12-08 12:30:42,873 ERROR scheduler Skipped queueing frappe.deferred_insert.save_to_db because it was found in queue for site1.local
2024-12-08 12:30:42,874 ERROR scheduler Skipped queueing frappe.utils.global_search.sync_global_search because it was found in queue for site1.local
2024-12-08 12:30:42,875 ERROR scheduler Skipped queueing frappe.email.doctype.email_account.email_account.notify_unreplied because it was found in queue for site1.local
2024-12-08 12:30:42,876 ERROR scheduler Skipped queueing frappe.twofactor.delete_all_barcodes_for_users because it was found in queue for site1.local
2024-12-08 12:30:42,877 ERROR scheduler Skipped queueing frappe.website.doctype.web_page.web_page.check_publish_status because it was found in queue for site1.local
2024-12-08 12:30:42,878 ERROR scheduler Skipped queueing frappe.oauth.delete_oauth2_data because it was found in queue for site1.local
2024-12-08 12:34:43,413 ERROR scheduler Skipped queueing frappe.automation.doctype.reminder.reminder.send_reminders because it was found in queue for site1.local
2024-12-08 12:34:43,416 ERROR scheduler Skipped queueing frappe.monitor.flush because it was found in queue for site1.local
2024-12-08 12:34:43,421 ERROR scheduler Skipped queueing frappe.email.queue.flush because it was found in queue for site1.local
2024-12-08 17:50:26,808 ERROR scheduler Skipped queueing frappe.automation.doctype.reminder.reminder.send_reminders because it was found in queue for site1.local
2024-12-08 17:50:26,810 ERROR scheduler Skipped queueing frappe.monitor.flush because it was found in queue for site1.local
2024-12-08 17:50:26,813 ERROR scheduler Skipped queueing frappe.email.queue.flush because it was found in queue for site1.local
2024-12-08 17:50:26,816 ERROR scheduler Skipped queueing frappe.email.doctype.email_account.email_account.pull because it was found in queue for site1.local
2024-12-08 23:00:09,388 ERROR scheduler Skipped queueing frappe.utils.global_search.sync_global_search because it was found in queue for site1.local
2024-12-08 23:00:09,389 ERROR scheduler Skipped queueing frappe.email.doctype.email_account.email_account.notify_unreplied because it was found in queue for site1.local
2024-12-08 23:00:09,390 ERROR scheduler Skipped queueing frappe.twofactor.delete_all_barcodes_for_users because it was found in queue for site1.local
2024-12-08 23:00:09,391 ERROR scheduler Skipped queueing frappe.website.doctype.web_page.web_page.check_publish_status because it was found in queue for site1.local
2024-12-08 23:00:09,392 ERROR scheduler Skipped queueing frappe.oauth.delete_oauth2_data because it was found in queue for site1.local
2024-12-09 04:15:52,430 ERROR scheduler Skipped queueing frappe.utils.global_search.sync_global_search because it was found in queue for site1.local
2024-12-09 04:15:52,432 ERROR scheduler Skipped queueing frappe.twofactor.delete_all_barcodes_for_users because it was found in queue for site1.local
2024-12-09 04:15:52,433 ERROR scheduler Skipped queueing frappe.website.doctype.web_page.web_page.check_publish_status because it was found in queue for site1.local
2024-12-09 04:15:52,434 ERROR scheduler Skipped queueing frappe.oauth.delete_oauth2_data because it was found in queue for site1.local
2024-12-09 04:18:52,943 ERROR scheduler Skipped queueing frappe.automation.doctype.reminder.reminder.send_reminders because it was found in queue for site1.local
2024-12-09 04:18:52,947 ERROR scheduler Skipped queueing frappe.monitor.flush because it was found in queue for site1.local
2024-12-09 04:18:52,951 ERROR scheduler Skipped queueing frappe.email.queue.flush because it was found in queue for site1.local
2024-12-09 04:30:56,894 ERROR scheduler Skipped queueing frappe.website.doctype.web_page.web_page.check_publish_status because it was found in queue for site1.local
2024-12-09 09:30:35,426 ERROR scheduler Skipped queueing frappe.automation.doctype.reminder.reminder.send_reminders because it was found in queue for site1.local
2024-12-09 09:30:35,427 ERROR scheduler Skipped queueing frappe.monitor.flush because it was found in queue for site1.local
2024-12-09 09:30:35,429 ERROR scheduler Skipped queueing frappe.email.queue.flush because it was found in queue for site1.local
2024-12-09 09:30:35,431 ERROR scheduler Skipped queueing frappe.email.doctype.email_account.email_account.pull because it was found in queue for site1.local
2024-12-09 09:30:35,432 ERROR scheduler Skipped queueing frappe.deferred_insert.save_to_db because it was found in queue for site1.local
2024-12-09 09:30:35,433 ERROR scheduler Skipped queueing frappe.utils.global_search.sync_global_search because it was found in queue for site1.local
2024-12-09 09:30:35,435 ERROR scheduler Skipped queueing frappe.email.doctype.email_account.email_account.notify_unreplied because it was found in queue for site1.local
2024-12-09 09:30:35,436 ERROR scheduler Skipped queueing frappe.twofactor.delete_all_barcodes_for_users because it was found in queue for site1.local
2024-12-09 09:30:35,437 ERROR scheduler Skipped queueing frappe.website.doctype.web_page.web_page.check_publish_status because it was found in queue for site1.local
2024-12-09 09:30:35,439 ERROR scheduler Skipped queueing frappe.oauth.delete_oauth2_data because it was found in queue for site1.local
2024-12-09 09:38:36,871 ERROR scheduler Skipped queueing frappe.automation.doctype.reminder.reminder.send_reminders because it was found in queue for site1.local
2024-12-09 09:38:36,876 ERROR scheduler Skipped queueing frappe.monitor.flush because it was found in queue for site1.local
2024-12-09 09:38:36,880 ERROR scheduler Skipped queueing frappe.email.queue.flush because it was found in queue for site1.local
2024-12-09 14:50:20,083 ERROR scheduler Skipped queueing frappe.email.doctype.email_account.email_account.pull because it was found in queue for site1.local
2024-12-09 20:10:05,483 ERROR scheduler Skipped queueing frappe.automation.doctype.reminder.reminder.send_reminders because it was found in queue for site1.local
2024-12-09 20:10:05,485 ERROR scheduler Skipped queueing frappe.monitor.flush because it was found in queue for site1.local
2024-12-09 20:10:05,487 ERROR scheduler Skipped queueing frappe.email.doctype.email_account.email_account.pull because it was found in queue for site1.local
2024-12-09 20:15:06,909 ERROR scheduler Skipped queueing frappe.core.doctype.log_settings.log_settings.run_log_clean_up because it was found in queue for site1.local
2024-12-09 20:15:06,929 ERROR scheduler Skipped queueing frappe.email.doctype.email_account.email_account.notify_unreplied because it was found in queue for site1.local
2024-12-09 20:15:06,933 ERROR scheduler Skipped queueing frappe.twofactor.delete_all_barcodes_for_users because it was found in queue for site1.local
2024-12-09 20:15:06,937 ERROR scheduler Skipped queueing frappe.website.doctype.web_page.web_page.check_publish_status because it was found in queue for site1.local
2024-12-09 20:15:06,941 ERROR scheduler Skipped queueing frappe.oauth.delete_oauth2_data because it was found in queue for site1.local
2024-12-10 01:30:50,533 ERROR scheduler Skipped queueing frappe.integrations.doctype.google_calendar.google_calendar.sync because it was found in queue for site1.local
2024-12-10 01:30:50,534 ERROR scheduler Skipped queueing frappe.desk.form.document_follow.send_hourly_updates because it was found in queue for site1.local
2024-12-10 01:30:50,535 ERROR scheduler Skipped queueing frappe.desk.page.backups.backups.delete_downloadable_backups because it was found in queue for site1.local
2024-12-10 01:30:50,536 ERROR scheduler Skipped queueing frappe.model.utils.user_settings.sync_user_settings because it was found in queue for site1.local
2024-12-10 01:30:50,537 ERROR scheduler Skipped queueing frappe.model.utils.link_count.update_link_count because it was found in queue for site1.local
2024-12-10 01:30:50,539 ERROR scheduler Skipped queueing frappe.automation.doctype.reminder.reminder.send_reminders because it was found in queue for site1.local
2024-12-10 01:30:50,540 ERROR scheduler Skipped queueing frappe.monitor.flush because it was found in queue for site1.local
2024-12-10 01:30:50,541 ERROR scheduler Skipped queueing frappe.email.queue.flush because it was found in queue for site1.local
2024-12-10 01:30:50,543 ERROR scheduler Skipped queueing frappe.email.doctype.email_account.email_account.pull because it was found in queue for site1.local
2024-12-10 01:30:50,544 ERROR scheduler Skipped queueing frappe.deferred_insert.save_to_db because it was found in queue for site1.local
2024-12-10 01:30:50,545 ERROR scheduler Skipped queueing frappe.utils.global_search.sync_global_search because it was found in queue for site1.local
2024-12-10 01:30:50,546 ERROR scheduler Skipped queueing frappe.email.doctype.email_account.email_account.notify_unreplied because it was found in queue for site1.local
2024-12-10 01:30:50,547 ERROR scheduler Skipped queueing frappe.twofactor.delete_all_barcodes_for_users because it was found in queue for site1.local
2024-12-10 01:30:50,549 ERROR scheduler Skipped queueing frappe.website.doctype.web_page.web_page.check_publish_status because it was found in queue for site1.local
2024-12-10 01:30:50,550 ERROR scheduler Skipped queueing frappe.oauth.delete_oauth2_data because it was found in queue for site1.local
2024-12-10 01:34:51,126 ERROR scheduler Skipped queueing frappe.automation.doctype.reminder.reminder.send_reminders because it was found in queue for site1.local
2024-12-10 01:34:51,128 ERROR scheduler Skipped queueing frappe.monitor.flush because it was found in queue for site1.local
2024-12-10 01:34:51,129 ERROR scheduler Skipped queueing frappe.email.queue.flush because it was found in queue for site1.local
